0 info it worked if it ends with ok
1 verbose cli [ 'node', '/usr/local/bin/npm', 'publish' ]
2 info using npm@1.3.8
3 info using node@v0.10.16
4 verbose publish [ '.' ]
5 verbose cache add [ '.', null ]
6 verbose cache add name=undefined spec="." args=[".",null]
7 verbose parsed url { protocol: null,
7 verbose parsed url   slashes: null,
7 verbose parsed url   auth: null,
7 verbose parsed url   host: null,
7 verbose parsed url   port: null,
7 verbose parsed url   hostname: null,
7 verbose parsed url   hash: null,
7 verbose parsed url   search: null,
7 verbose parsed url   query: null,
7 verbose parsed url   pathname: '.',
7 verbose parsed url   path: '.',
7 verbose parsed url   href: '.' }
8 silly lockFile 3a52ce78- .
9 verbose lock . /Users/d044813/.npm/3a52ce78-.lock
10 verbose tar pack [ '/var/folders/v0/k0py67x136d6lkdntc0j_50sc282vr/T/npm-31538-39pK5NnD/1377870801283-0.01415711222216487/tmp.tgz',
10 verbose tar pack   '.' ]
11 verbose tarball /var/folders/v0/k0py67x136d6lkdntc0j_50sc282vr/T/npm-31538-39pK5NnD/1377870801283-0.01415711222216487/tmp.tgz
12 verbose folder .
13 silly lockFile 1f1177db-tar tar://.
14 verbose lock tar://. /Users/d044813/.npm/1f1177db-tar.lock
15 silly lockFile 4150e4a1-1283-0-01415711222216487-tmp-tgz tar:///var/folders/v0/k0py67x136d6lkdntc0j_50sc282vr/T/npm-31538-39pK5NnD/1377870801283-0.01415711222216487/tmp.tgz
16 verbose lock tar:///var/folders/v0/k0py67x136d6lkdntc0j_50sc282vr/T/npm-31538-39pK5NnD/1377870801283-0.01415711222216487/tmp.tgz /Users/d044813/.npm/4150e4a1-1283-0-01415711222216487-tmp-tgz.lock
17 silly lockFile 1f1177db-tar tar://.
18 silly lockFile 1f1177db-tar tar://.
19 silly lockFile 4150e4a1-1283-0-01415711222216487-tmp-tgz tar:///var/folders/v0/k0py67x136d6lkdntc0j_50sc282vr/T/npm-31538-39pK5NnD/1377870801283-0.01415711222216487/tmp.tgz
20 silly lockFile 4150e4a1-1283-0-01415711222216487-tmp-tgz tar:///var/folders/v0/k0py67x136d6lkdntc0j_50sc282vr/T/npm-31538-39pK5NnD/1377870801283-0.01415711222216487/tmp.tgz
21 verbose tar unpack /var/folders/v0/k0py67x136d6lkdntc0j_50sc282vr/T/npm-31538-39pK5NnD/1377870801283-0.01415711222216487/tmp.tgz
22 silly lockFile 18885628-1283-0-01415711222216487-package tar:///var/folders/v0/k0py67x136d6lkdntc0j_50sc282vr/T/npm-31538-39pK5NnD/1377870801283-0.01415711222216487/package
23 verbose lock tar:///var/folders/v0/k0py67x136d6lkdntc0j_50sc282vr/T/npm-31538-39pK5NnD/1377870801283-0.01415711222216487/package /Users/d044813/.npm/18885628-1283-0-01415711222216487-package.lock
24 silly lockFile 4150e4a1-1283-0-01415711222216487-tmp-tgz tar:///var/folders/v0/k0py67x136d6lkdntc0j_50sc282vr/T/npm-31538-39pK5NnD/1377870801283-0.01415711222216487/tmp.tgz
25 verbose lock tar:///var/folders/v0/k0py67x136d6lkdntc0j_50sc282vr/T/npm-31538-39pK5NnD/1377870801283-0.01415711222216487/tmp.tgz /Users/d044813/.npm/4150e4a1-1283-0-01415711222216487-tmp-tgz.lock
26 silly gunzTarPerm modes [ '755', '644' ]
27 silly gunzTarPerm extractEntry package.json
28 silly gunzTarPerm modified mode [ 'package.json', 438, 420 ]
29 silly gunzTarPerm extractEntry .npmignore
30 silly gunzTarPerm modified mode [ '.npmignore', 438, 420 ]
31 silly gunzTarPerm extractEntry README.md
32 silly gunzTarPerm extractEntry LICENSE
33 silly gunzTarPerm extractEntry app/index.js
34 silly gunzTarPerm modified mode [ 'app/index.js', 438, 420 ]
35 silly gunzTarPerm extractEntry app/templates/Gruntfile.js
36 silly gunzTarPerm modified mode [ 'app/templates/Gruntfile.js', 438, 420 ]
37 silly gunzTarPerm extractEntry app/templates/_README.md
38 silly gunzTarPerm modified mode [ 'app/templates/_README.md', 438, 420 ]
39 silly gunzTarPerm extractEntry app/templates/_bower.json
40 silly gunzTarPerm modified mode [ 'app/templates/_bower.json', 438, 420 ]
41 silly gunzTarPerm extractEntry app/templates/_package.json
42 silly gunzTarPerm modified mode [ 'app/templates/_package.json', 438, 420 ]
43 silly gunzTarPerm extractEntry app/templates/application/_Application.js
44 silly gunzTarPerm modified mode [ 'app/templates/application/_Application.js', 438, 420 ]
45 silly gunzTarPerm extractEntry app/templates/application/_index.html
46 silly gunzTarPerm modified mode [ 'app/templates/application/_index.html', 438, 420 ]
47 silly gunzTarPerm extractEntry app/templates/application/css/style.css
48 silly gunzTarPerm modified mode [ 'app/templates/application/css/style.css', 438, 420 ]
49 silly gunzTarPerm extractEntry app/templates/application/i18n/i18n_en.properties
50 silly gunzTarPerm modified mode [ 'app/templates/application/i18n/i18n_en.properties', 438, 420 ]
51 silly gunzTarPerm extractEntry app/templates/application/model/Config.js
52 silly gunzTarPerm modified mode [ 'app/templates/application/model/Config.js', 438, 420 ]
53 silly gunzTarPerm extractEntry app/templates/application/model/img.json
54 silly gunzTarPerm modified mode [ 'app/templates/application/model/img.json', 438, 420 ]
55 silly gunzTarPerm extractEntry app/templates/gitignore
56 silly gunzTarPerm modified mode [ 'app/templates/gitignore', 438, 420 ]
57 silly gunzTarPerm extractEntry app/templates/gitkeep
58 silly gunzTarPerm modified mode [ 'app/templates/gitkeep', 438, 420 ]
59 silly gunzTarPerm extractEntry app/templates/jshintrc
60 silly gunzTarPerm modified mode [ 'app/templates/jshintrc', 438, 420 ]
61 silly gunzTarPerm extractEntry .editorconfig
62 silly gunzTarPerm modified mode [ '.editorconfig', 438, 420 ]
63 silly gunzTarPerm extractEntry .jshintrc
64 silly gunzTarPerm modified mode [ '.jshintrc', 438, 420 ]
65 silly gunzTarPerm extractEntry .gitattributes
66 silly gunzTarPerm modified mode [ '.gitattributes', 438, 420 ]
67 silly gunzTarPerm extractEntry facelessComponent/index.js
68 silly gunzTarPerm modified mode [ 'facelessComponent/index.js', 438, 420 ]
69 silly gunzTarPerm extractEntry facelessComponent/templates/application/_Component.js
70 silly gunzTarPerm modified mode [ 'facelessComponent/templates/application/_Component.js',
70 silly gunzTarPerm   511,
70 silly gunzTarPerm   493 ]
71 silly gunzTarPerm extractEntry facelessComponent/templates/application/_component.json
72 silly gunzTarPerm modified mode [ 'facelessComponent/templates/application/_component.json',
72 silly gunzTarPerm   511,
72 silly gunzTarPerm   493 ]
73 silly gunzTarPerm extractEntry uiComponent/index.js
74 silly gunzTarPerm modified mode [ 'uiComponent/index.js', 438, 420 ]
75 silly gunzTarPerm extractEntry uiComponent/templates/application/_Component.js
76 silly gunzTarPerm modified mode [ 'uiComponent/templates/application/_Component.js', 511, 493 ]
77 silly gunzTarPerm extractEntry uiComponent/templates/application/_component.json
78 silly gunzTarPerm modified mode [ 'uiComponent/templates/application/_component.json', 511, 493 ]
79 silly gunzTarPerm extractEntry .travis.yml
80 silly gunzTarPerm modified mode [ '.travis.yml', 438, 420 ]
81 silly gunzTarPerm extractEntry test/test-creation.js
82 silly gunzTarPerm modified mode [ 'test/test-creation.js', 438, 420 ]
83 silly gunzTarPerm extractEntry test/test-load.js
84 silly gunzTarPerm modified mode [ 'test/test-load.js', 438, 420 ]
85 silly gunzTarPerm extractEntry test/temp/package.json
86 silly gunzTarPerm modified mode [ 'test/temp/package.json', 438, 420 ]
87 silly gunzTarPerm extractEntry test/temp/README.md
88 silly gunzTarPerm modified mode [ 'test/temp/README.md', 438, 420 ]
89 silly gunzTarPerm extractEntry test/temp/Gruntfile.js
90 silly gunzTarPerm modified mode [ 'test/temp/Gruntfile.js', 438, 420 ]
91 silly gunzTarPerm extractEntry test/temp/Application.js
92 silly gunzTarPerm modified mode [ 'test/temp/Application.js', 438, 420 ]
93 silly gunzTarPerm extractEntry test/temp/i18n/i18n_en.properties
94 silly gunzTarPerm modified mode [ 'test/temp/i18n/i18n_en.properties', 438, 420 ]
95 silly gunzTarPerm extractEntry test/temp/css/style.css
96 silly gunzTarPerm modified mode [ 'test/temp/css/style.css', 438, 420 ]
97 silly gunzTarPerm extractEntry test/temp/ext/.gitkeep
98 silly gunzTarPerm modified mode [ 'test/temp/ext/.gitkeep', 438, 420 ]
99 silly gunzTarPerm extractEntry test/temp/.jshintrc
100 silly gunzTarPerm modified mode [ 'test/temp/.jshintrc', 438, 420 ]
101 silly gunzTarPerm extractEntry test/temp/img/.gitkeep
102 silly gunzTarPerm modified mode [ 'test/temp/img/.gitkeep', 438, 420 ]
103 silly gunzTarPerm extractEntry test/temp/index.html
104 silly gunzTarPerm modified mode [ 'test/temp/index.html', 438, 420 ]
105 silly gunzTarPerm extractEntry test/temp/model/Config.js
106 silly gunzTarPerm modified mode [ 'test/temp/model/Config.js', 438, 420 ]
107 silly gunzTarPerm extractEntry test/temp/model/img.json
108 silly gunzTarPerm modified mode [ 'test/temp/model/img.json', 438, 420 ]
109 silly gunzTarPerm extractEntry test/temp/bower.json
110 silly gunzTarPerm modified mode [ 'test/temp/bower.json', 438, 420 ]
111 silly gunzTarPerm extractEntry test/temp/test/.gitkeep
112 silly gunzTarPerm modified mode [ 'test/temp/test/.gitkeep', 438, 420 ]
113 silly gunzTarPerm extractEntry test/temp/util/.gitkeep
114 silly gunzTarPerm modified mode [ 'test/temp/util/.gitkeep', 438, 420 ]
115 silly gunzTarPerm extractEntry test/temp/view/Main.controller.js
116 silly gunzTarPerm modified mode [ 'test/temp/view/Main.controller.js', 438, 420 ]
117 silly gunzTarPerm extractEntry test/temp/view/Main.view.js
118 silly gunzTarPerm modified mode [ 'test/temp/view/Main.view.js', 438, 420 ]
119 silly gunzTarPerm extractEntry view/index.js
120 silly gunzTarPerm modified mode [ 'view/index.js', 438, 420 ]
121 silly gunzTarPerm extractEntry view/templates/application/view/_Main.controller.js
122 silly gunzTarPerm modified mode [ 'view/templates/application/view/_Main.controller.js',
122 silly gunzTarPerm   438,
122 silly gunzTarPerm   420 ]
123 silly gunzTarPerm extractEntry view/templates/application/view/_Main.view.js
124 silly gunzTarPerm modified mode [ 'view/templates/application/view/_Main.view.js', 438, 420 ]
125 silly lockFile 18885628-1283-0-01415711222216487-package tar:///var/folders/v0/k0py67x136d6lkdntc0j_50sc282vr/T/npm-31538-39pK5NnD/1377870801283-0.01415711222216487/package
126 silly lockFile 18885628-1283-0-01415711222216487-package tar:///var/folders/v0/k0py67x136d6lkdntc0j_50sc282vr/T/npm-31538-39pK5NnD/1377870801283-0.01415711222216487/package
127 silly lockFile 4150e4a1-1283-0-01415711222216487-tmp-tgz tar:///var/folders/v0/k0py67x136d6lkdntc0j_50sc282vr/T/npm-31538-39pK5NnD/1377870801283-0.01415711222216487/tmp.tgz
128 silly lockFile 4150e4a1-1283-0-01415711222216487-tmp-tgz tar:///var/folders/v0/k0py67x136d6lkdntc0j_50sc282vr/T/npm-31538-39pK5NnD/1377870801283-0.01415711222216487/tmp.tgz
129 verbose tar pack [ '/Users/d044813/.npm/generator-sapui5/0.0.1/package.tgz',
129 verbose tar pack   '/var/folders/v0/k0py67x136d6lkdntc0j_50sc282vr/T/npm-31538-39pK5NnD/1377870801283-0.01415711222216487/package' ]
130 verbose tarball /Users/d044813/.npm/generator-sapui5/0.0.1/package.tgz
131 verbose folder /var/folders/v0/k0py67x136d6lkdntc0j_50sc282vr/T/npm-31538-39pK5NnD/1377870801283-0.01415711222216487/package
132 silly lockFile 18885628-1283-0-01415711222216487-package tar:///var/folders/v0/k0py67x136d6lkdntc0j_50sc282vr/T/npm-31538-39pK5NnD/1377870801283-0.01415711222216487/package
133 verbose lock tar:///var/folders/v0/k0py67x136d6lkdntc0j_50sc282vr/T/npm-31538-39pK5NnD/1377870801283-0.01415711222216487/package /Users/d044813/.npm/18885628-1283-0-01415711222216487-package.lock
134 silly lockFile 5af4eafd-nerator-sapui5-0-0-1-package-tgz tar:///Users/d044813/.npm/generator-sapui5/0.0.1/package.tgz
135 verbose lock tar:///Users/d044813/.npm/generator-sapui5/0.0.1/package.tgz /Users/d044813/.npm/5af4eafd-nerator-sapui5-0-0-1-package-tgz.lock
136 silly lockFile 18885628-1283-0-01415711222216487-package tar:///var/folders/v0/k0py67x136d6lkdntc0j_50sc282vr/T/npm-31538-39pK5NnD/1377870801283-0.01415711222216487/package
137 silly lockFile 18885628-1283-0-01415711222216487-package tar:///var/folders/v0/k0py67x136d6lkdntc0j_50sc282vr/T/npm-31538-39pK5NnD/1377870801283-0.01415711222216487/package
138 silly lockFile 5af4eafd-nerator-sapui5-0-0-1-package-tgz tar:///Users/d044813/.npm/generator-sapui5/0.0.1/package.tgz
139 silly lockFile 5af4eafd-nerator-sapui5-0-0-1-package-tgz tar:///Users/d044813/.npm/generator-sapui5/0.0.1/package.tgz
140 silly lockFile 38b2b30f-m-generator-sapui5-0-0-1-package /Users/d044813/.npm/generator-sapui5/0.0.1/package
141 verbose lock /Users/d044813/.npm/generator-sapui5/0.0.1/package /Users/d044813/.npm/38b2b30f-m-generator-sapui5-0-0-1-package.lock
142 silly lockFile 38b2b30f-m-generator-sapui5-0-0-1-package /Users/d044813/.npm/generator-sapui5/0.0.1/package
143 silly lockFile 38b2b30f-m-generator-sapui5-0-0-1-package /Users/d044813/.npm/generator-sapui5/0.0.1/package
144 verbose tar unpack /Users/d044813/.npm/generator-sapui5/0.0.1/package.tgz
145 silly lockFile 8f1e5101-m-generator-sapui5-0-0-1-package tar:///Users/d044813/.npm/generator-sapui5/0.0.1/package
146 verbose lock tar:///Users/d044813/.npm/generator-sapui5/0.0.1/package /Users/d044813/.npm/8f1e5101-m-generator-sapui5-0-0-1-package.lock
147 silly lockFile 5af4eafd-nerator-sapui5-0-0-1-package-tgz tar:///Users/d044813/.npm/generator-sapui5/0.0.1/package.tgz
148 verbose lock tar:///Users/d044813/.npm/generator-sapui5/0.0.1/package.tgz /Users/d044813/.npm/5af4eafd-nerator-sapui5-0-0-1-package-tgz.lock
149 silly gunzTarPerm modes [ '755', '644' ]
150 silly gunzTarPerm extractEntry package.json
151 silly gunzTarPerm extractEntry .npmignore
152 silly gunzTarPerm extractEntry README.md
153 silly gunzTarPerm extractEntry LICENSE
154 silly gunzTarPerm extractEntry .travis.yml
155 silly gunzTarPerm extractEntry .jshintrc
156 silly gunzTarPerm extractEntry .gitattributes
157 silly gunzTarPerm extractEntry app/index.js
158 silly gunzTarPerm extractEntry app/templates/Gruntfile.js
159 silly gunzTarPerm extractEntry app/templates/_README.md
160 silly gunzTarPerm extractEntry app/templates/_bower.json
161 silly gunzTarPerm extractEntry app/templates/_package.json
162 silly gunzTarPerm extractEntry app/templates/application/_Application.js
163 silly gunzTarPerm extractEntry app/templates/application/_index.html
164 silly gunzTarPerm extractEntry app/templates/application/css/style.css
165 silly gunzTarPerm extractEntry app/templates/application/i18n/i18n_en.properties
166 silly gunzTarPerm extractEntry app/templates/application/model/Config.js
167 silly gunzTarPerm extractEntry app/templates/application/model/img.json
168 silly gunzTarPerm extractEntry app/templates/gitignore
169 silly gunzTarPerm extractEntry app/templates/gitkeep
170 silly gunzTarPerm extractEntry app/templates/jshintrc
171 silly gunzTarPerm extractEntry facelessComponent/index.js
172 silly gunzTarPerm extractEntry facelessComponent/templates/application/_Component.js
173 silly gunzTarPerm extractEntry facelessComponent/templates/application/_component.json
174 silly gunzTarPerm extractEntry .editorconfig
175 silly gunzTarPerm extractEntry test/test-creation.js
176 silly gunzTarPerm extractEntry test/test-load.js
177 silly gunzTarPerm extractEntry test/temp/package.json
178 silly gunzTarPerm extractEntry test/temp/README.md
179 silly gunzTarPerm extractEntry test/temp/Gruntfile.js
180 silly gunzTarPerm extractEntry test/temp/Application.js
181 silly gunzTarPerm extractEntry test/temp/i18n/i18n_en.properties
182 silly gunzTarPerm extractEntry test/temp/css/style.css
183 silly gunzTarPerm extractEntry test/temp/ext/.gitkeep
184 silly gunzTarPerm extractEntry test/temp/.jshintrc
185 silly gunzTarPerm extractEntry test/temp/img/.gitkeep
186 silly gunzTarPerm extractEntry test/temp/index.html
187 silly gunzTarPerm extractEntry test/temp/model/Config.js
188 silly gunzTarPerm extractEntry test/temp/model/img.json
189 silly gunzTarPerm extractEntry test/temp/bower.json
190 silly gunzTarPerm extractEntry test/temp/test/.gitkeep
191 silly gunzTarPerm extractEntry test/temp/util/.gitkeep
192 silly gunzTarPerm extractEntry test/temp/view/Main.controller.js
193 silly gunzTarPerm extractEntry test/temp/view/Main.view.js
194 silly gunzTarPerm extractEntry uiComponent/index.js
195 silly gunzTarPerm extractEntry uiComponent/templates/application/_Component.js
196 silly gunzTarPerm extractEntry uiComponent/templates/application/_component.json
197 silly gunzTarPerm extractEntry view/index.js
198 silly gunzTarPerm extractEntry view/templates/application/view/_Main.controller.js
199 silly gunzTarPerm extractEntry view/templates/application/view/_Main.view.js
200 silly lockFile 8f1e5101-m-generator-sapui5-0-0-1-package tar:///Users/d044813/.npm/generator-sapui5/0.0.1/package
201 silly lockFile 8f1e5101-m-generator-sapui5-0-0-1-package tar:///Users/d044813/.npm/generator-sapui5/0.0.1/package
202 silly lockFile 5af4eafd-nerator-sapui5-0-0-1-package-tgz tar:///Users/d044813/.npm/generator-sapui5/0.0.1/package.tgz
203 silly lockFile 5af4eafd-nerator-sapui5-0-0-1-package-tgz tar:///Users/d044813/.npm/generator-sapui5/0.0.1/package.tgz
204 verbose chmod /Users/d044813/.npm/generator-sapui5/0.0.1/package.tgz 644
205 verbose chown /Users/d044813/.npm/generator-sapui5/0.0.1/package.tgz [ 1478757240, 1824234391 ]
206 silly lockFile 3a52ce78- .
207 silly lockFile 3a52ce78- .
208 silly publish { name: 'generator-sapui5',
208 silly publish   version: '0.0.1',
208 silly publish   description: 'SAP UI5 generator for yeoman',
208 silly publish   keywords: [ 'yeoman-generator', 'SAP', 'UI5' ],
208 silly publish   homepage: 'https://github.com/saschakiefer/generator-sapui5',
208 silly publish   bugs: { url: 'https://github.com/saschakiefer/generator-sapui5/issues' },
208 silly publish   author:
208 silly publish    { name: 'Sascha Kiefer',
208 silly publish      email: 'mail@sascha-kiefer.de',
208 silly publish      url: 'https://github.com/saschakiefer' },
208 silly publish   main: 'app/index.js',
208 silly publish   repository:
208 silly publish    { type: 'git',
208 silly publish      url: 'git://github.com/saschakiefer/generator-sapui5.git' },
208 silly publish   scripts: { test: 'mocha' },
208 silly publish   dependencies: { 'yeoman-generator': '~0.13.0' },
208 silly publish   devDependencies: { mocha: '~1.12.0' },
208 silly publish   peerDependencies: { yo: '>=1.0.0-rc.1' },
208 silly publish   engines: { node: '>=0.8.0', npm: '>=1.2.10' },
208 silly publish   licenses: [ { type: 'MIT' } ],
208 silly publish   readme: '# generator-sapui5 [![Build Status](https://secure.travis-ci.org/saschakiefer/generator-sapui5.png?branch=master)](https://travis-ci.org/saschakiefer/generator-sapui5)\n\nA SAP UI5 generator for [Yeoman](http://yeoman.io).\n\n\n## Getting Started\n\n### What is Yeoman?\n\nTrick question. It\'s not a thing. It\'s a guy.\n\nBasically, he wears a top hat, lives in your computer, and waits for you to tell him what kind of application you wish to create.\n\nNot every new computer comes with a Yeoman pre-installed. He lives in the [npm](https://npmjs.org) package repository. You only have to ask for him once, then he packs up and moves into your hard drive. *Make sure you clean up, he likes new and shiny things.*\n\n```\n$ npm install -g yo\n```\n\n### SAP UI5 Generators\n\nTo install generator-sapui5 from npm, run:\n\n```\n$ npm install -g generator-sapui5\n```\n\nFinally, initiate the generator:\n\n```\n$ yo sapui5\n```\nThis will generate a complete runnable SAP UI5 Application with a main view and some infrastructure around it.\n\nIf you just need some parts of it, use the sub generators:\n#### Sub Generators\nCreate a view with controller:\n\n```\n$ yo sapui5:view\n```\n\nCreate a UI Component:\n\n```\n$ yo sapui5:uiComponent\n```\n\nCreate a faceless Component:\n\n```\n$ yo sapui5:facelessComponent\n```\n\n## License\n\n[MIT License](https://github.com/saschakiefer/generator-sapui5/blob/master/LICENSE)\n',
208 silly publish   readmeFilename: 'README.md',
208 silly publish   _id: 'generator-sapui5@0.0.1',
208 silly publish   dist: { shasum: 'e65e7f05e287ebb55791128832a09a7c54665fbe' },
208 silly publish   _from: '.' }
209 verbose url raw generator-sapui5
210 verbose url resolving [ 'https://registry.npmjs.org/', './generator-sapui5' ]
211 verbose url resolved https://registry.npmjs.org/generator-sapui5
212 info trying registry request attempt 1 at 15:53:22
213 http PUT https://registry.npmjs.org/generator-sapui5
214 http 409 https://registry.npmjs.org/generator-sapui5
215 verbose url raw generator-sapui5
216 verbose url resolving [ 'https://registry.npmjs.org/', './generator-sapui5' ]
217 verbose url resolved https://registry.npmjs.org/generator-sapui5
218 info trying registry request attempt 1 at 15:53:23
219 http GET https://registry.npmjs.org/generator-sapui5
220 http 200 https://registry.npmjs.org/generator-sapui5
221 error publish fail Cannot publish over existing version.
221 error publish fail Update the 'version' field in package.json and try again.
221 error publish fail
221 error publish fail If the previous version was published in error, see:
221 error publish fail     npm help unpublish
221 error publish fail
221 error publish fail To automatically increment version numbers, see:
221 error publish fail     npm help version
222 error System Darwin 12.4.0
223 error command "node" "/usr/local/bin/npm" "publish"
224 error cwd /Users/d044813/git/generator-sapui5
225 error node -v v0.10.16
226 error npm -v 1.3.8
227 error code EPUBLISHCONFLICT
228 verbose exit [ 1, true ]
